[2026-01-03 20:52:45] [PID:29180] [INFO] [Master] main.c:122 (main) - Starting Master Process (PID=29180)
[2026-01-03 20:52:47] [PID:29252] [INFO] [Drone] process_Drone.c:161 (main) - Starting Drone Process (PID=29252)
[2026-01-03 20:52:47] [PID:29254] [INFO] [CommClient] Communication_Client.c:116 (main) - Connecting to 127.0.1.1:2000
[2026-01-03 20:52:47] [PID:29252] [WARNING] [Drone] process_Drone.c:192 (main) - Running in Client/Server mode, watchdog monitoring disabled.

[2026-01-03 20:52:47] [PID:29254] [INFO] [CommClient] Communication_Client.c:142 (main) - Connected to server!
[2026-01-03 20:52:48] [PID:29278] [INFO] [Input] process_In.c:54 (main) - Starting Input Process (PID=29278)
[2026-01-03 20:52:48] [PID:29280] [INFO] [BlackBoard] BlackBoard.c:183 (main) - Starting BlackBoard Process (PID=29280)
[2026-01-03 20:52:49] [PID:29280] [INFO] [BlackBoard] BlackBoard.c:422 (main) - Received drone coordinates
[2026-01-03 20:52:49] [PID:29280] [INFO] [BlackBoard] BlackBoard.c:435 (main) - Sent drone coordinates to Communication Client
[2026-01-03 20:52:49] [PID:29280] [INFO] [BlackBoard] BlackBoard.c:422 (main) - Received drone coordinates
[2026-01-03 20:52:49] [PID:29280] [INFO] [BlackBoard] BlackBoard.c:435 (main) - Sent drone coordinates to Communication Client
[2026-01-03 20:52:49] [PID:29280] [INFO] [BlackBoard] BlackBoard.c:422 (main) - Received drone coordinates
[2026-01-03 20:52:49] [PID:29280] [INFO] [BlackBoard] BlackBoard.c:435 (main) - Sent drone coordinates to Communication Client
[2026-01-03 20:52:49] [PID:29280] [INFO] [BlackBoard] BlackBoard.c:422 (main) - Received drone coordinates
[2026-01-03 20:52:49] [PID:29280] [INFO] [BlackBoard] BlackBoard.c:435 (main) - Sent drone coordinates to Communication Client
[2026-01-03 20:52:49] [PID:29280] [INFO] [BlackBoard] BlackBoard.c:422 (main) - Received drone coordinates
[2026-01-03 20:52:49] [PID:29280] [INFO] [BlackBoard] BlackBoard.c:435 (main) - Sent drone coordinates to Communication Client
[2026-01-03 20:52:49] [PID:29280] [INFO] [BlackBoard] BlackBoard.c:422 (main) - Received drone coordinates
[2026-01-03 20:52:49] [PID:29280] [INFO] [BlackBoard] BlackBoard.c:435 (main) - Sent drone coordinates to Communication Client
[2026-01-03 20:52:49] [PID:29280] [INFO] [BlackBoard] BlackBoard.c:422 (main) - Received drone coordinates
[2026-01-03 20:52:49] [PID:29280] [INFO] [BlackBoard] BlackBoard.c:435 (main) - Sent drone coordinates to Communication Client
[2026-01-03 20:52:49] [PID:29280] [INFO] [BlackBoard] BlackBoard.c:422 (main) - Received drone coordinates
[2026-01-03 20:52:49] [PID:29280] [INFO] [BlackBoard] BlackBoard.c:435 (main) - Sent drone coordinates to Communication Client
[2026-01-03 20:52:49] [PID:29280] [INFO] [BlackBoard] BlackBoard.c:422 (main) - Received drone coordinates
[2026-01-03 20:52:49] [PID:29280] [INFO] [BlackBoard] BlackBoard.c:435 (main) - Sent drone coordinates to Communication Client
[2026-01-03 20:52:49] [PID:29280] [INFO] [BlackBoard] BlackBoard.c:422 (main) - Received drone coordinates
[2026-01-03 20:52:49] [PID:29280] [INFO] [BlackBoard] BlackBoard.c:435 (main) - Sent drone coordinates to Communication Client
[2026-01-03 20:52:49] [PID:29280] [INFO] [BlackBoard] BlackBoard.c:422 (main) - Received drone coordinates
[2026-01-03 20:52:49] [PID:29280] [INFO] [BlackBoard] BlackBoard.c:435 (main) - Sent drone coordinates to Communication Client
[2026-01-03 20:52:49] [PID:29280] [INFO] [BlackBoard] BlackBoard.c:422 (main) - Received drone coordinates
[2026-01-03 20:52:49] [PID:29280] [INFO] [BlackBoard] BlackBoard.c:435 (main) - Sent drone coordinates to Communication Client
[2026-01-03 20:52:49] [PID:29280] [INFO] [BlackBoard] BlackBoard.c:422 (main) - Received drone coordinates
[2026-01-03 20:52:49] [PID:29280] [INFO] [BlackBoard] BlackBoard.c:435 (main) - Sent drone coordinates to Communication Client
[2026-01-03 20:52:49] [PID:29280] [INFO] [BlackBoard] BlackBoard.c:422 (main) - Received drone coordinates
[2026-01-03 20:52:49] [PID:29280] [INFO] [BlackBoard] BlackBoard.c:435 (main) - Sent drone coordinates to Communication Client
[2026-01-03 20:52:50] [PID:29280] [INFO] [BlackBoard] BlackBoard.c:422 (main) - Received drone coordinates
[2026-01-03 20:52:50] [PID:29280] [INFO] [BlackBoard] BlackBoard.c:435 (main) - Sent drone coordinates to Communication Client
[2026-01-03 20:52:50] [PID:29280] [INFO] [BlackBoard] BlackBoard.c:422 (main) - Received drone coordinates
[2026-01-03 20:52:50] [PID:29280] [INFO] [BlackBoard] BlackBoard.c:435 (main) - Sent drone coordinates to Communication Client
[2026-01-03 20:52:50] [PID:29280] [INFO] [BlackBoard] BlackBoard.c:422 (main) - Received drone coordinates
[2026-01-03 20:52:50] [PID:29280] [INFO] [BlackBoard] BlackBoard.c:435 (main) - Sent drone coordinates to Communication Client
[2026-01-03 20:52:50] [PID:29280] [INFO] [BlackBoard] BlackBoard.c:422 (main) - Received drone coordinates
[2026-01-03 20:52:50] [PID:29280] [INFO] [BlackBoard] BlackBoard.c:435 (main) - Sent drone coordinates to Communication Client
[2026-01-03 20:52:50] [PID:29280] [INFO] [BlackBoard] BlackBoard.c:422 (main) - Received drone coordinates
[2026-01-03 20:52:50] [PID:29280] [INFO] [BlackBoard] BlackBoard.c:435 (main) - Sent drone coordinates to Communication Client
[2026-01-03 20:52:50] [PID:29280] [INFO] [BlackBoard] BlackBoard.c:422 (main) - Received drone coordinates
[2026-01-03 20:52:50] [PID:29280] [INFO] [BlackBoard] BlackBoard.c:435 (main) - Sent drone coordinates to Communication Client
[2026-01-03 20:52:50] [PID:29280] [INFO] [BlackBoard] BlackBoard.c:422 (main) - Received drone coordinates
[2026-01-03 20:52:50] [PID:29280] [INFO] [BlackBoard] BlackBoard.c:435 (main) - Sent drone coordinates to Communication Client
[2026-01-03 20:52:50] [PID:29280] [INFO] [BlackBoard] BlackBoard.c:422 (main) - Received drone coordinates
[2026-01-03 20:52:50] [PID:29280] [INFO] [BlackBoard] BlackBoard.c:435 (main) - Sent drone coordinates to Communication Client
[2026-01-03 20:52:50] [PID:29280] [INFO] [BlackBoard] BlackBoard.c:422 (main) - Received drone coordinates
[2026-01-03 20:52:50] [PID:29280] [INFO] [BlackBoard] BlackBoard.c:435 (main) - Sent drone coordinates to Communication Client
[2026-01-03 20:52:50] [PID:29280] [INFO] [BlackBoard] BlackBoard.c:422 (main) - Received drone coordinates
[2026-01-03 20:52:50] [PID:29280] [INFO] [BlackBoard] BlackBoard.c:435 (main) - Sent drone coordinates to Communication Client
[2026-01-03 20:52:50] [PID:29280] [INFO] [BlackBoard] BlackBoard.c:422 (main) - Received drone coordinates
[2026-01-03 20:52:50] [PID:29280] [INFO] [BlackBoard] BlackBoard.c:435 (main) - Sent drone coordinates to Communication Client
[2026-01-03 20:52:50] [PID:29280] [INFO] [BlackBoard] BlackBoard.c:422 (main) - Received drone coordinates
[2026-01-03 20:52:50] [PID:29280] [INFO] [BlackBoard] BlackBoard.c:435 (main) - Sent drone coordinates to Communication Client
[2026-01-03 20:52:50] [PID:29280] [INFO] [BlackBoard] BlackBoard.c:422 (main) - Received drone coordinates
[2026-01-03 20:52:50] [PID:29280] [INFO] [BlackBoard] BlackBoard.c:435 (main) - Sent drone coordinates to Communication Client
[2026-01-03 20:52:50] [PID:29280] [INFO] [BlackBoard] BlackBoard.c:422 (main) - Received drone coordinates
[2026-01-03 20:52:50] [PID:29280] [INFO] [BlackBoard] BlackBoard.c:435 (main) - Sent drone coordinates to Communication Client
[2026-01-03 20:52:50] [PID:29280] [INFO] [BlackBoard] BlackBoard.c:422 (main) - Received drone coordinates
[2026-01-03 20:52:50] [PID:29280] [INFO] [BlackBoard] BlackBoard.c:435 (main) - Sent drone coordinates to Communication Client
[2026-01-03 20:52:50] [PID:29280] [INFO] [BlackBoard] BlackBoard.c:422 (main) - Received drone coordinates
[2026-01-03 20:52:50] [PID:29280] [INFO] [BlackBoard] BlackBoard.c:435 (main) - Sent drone coordinates to Communication Client
[2026-01-03 20:52:51] [PID:29280] [INFO] [BlackBoard] BlackBoard.c:422 (main) - Received drone coordinates
[2026-01-03 20:52:51] [PID:29280] [INFO] [BlackBoard] BlackBoard.c:435 (main) - Sent drone coordinates to Communication Client
[2026-01-03 20:52:51] [PID:29280] [INFO] [BlackBoard] BlackBoard.c:422 (main) - Received drone coordinates
[2026-01-03 20:52:51] [PID:29280] [INFO] [BlackBoard] BlackBoard.c:435 (main) - Sent drone coordinates to Communication Client
[2026-01-03 20:52:51] [PID:29280] [INFO] [BlackBoard] BlackBoard.c:422 (main) - Received drone coordinates
[2026-01-03 20:52:51] [PID:29280] [INFO] [BlackBoard] BlackBoard.c:435 (main) - Sent drone coordinates to Communication Client
[2026-01-03 20:52:51] [PID:29280] [INFO] [BlackBoard] BlackBoard.c:422 (main) - Received drone coordinates
[2026-01-03 20:52:51] [PID:29280] [INFO] [BlackBoard] BlackBoard.c:435 (main) - Sent drone coordinates to Communication Client
[2026-01-03 20:52:51] [PID:29280] [INFO] [BlackBoard] BlackBoard.c:422 (main) - Received drone coordinates
[2026-01-03 20:52:51] [PID:29280] [INFO] [BlackBoard] BlackBoard.c:435 (main) - Sent drone coordinates to Communication Client
[2026-01-03 20:52:51] [PID:29280] [INFO] [BlackBoard] BlackBoard.c:422 (main) - Received drone coordinates
[2026-01-03 20:52:51] [PID:29280] [INFO] [BlackBoard] BlackBoard.c:435 (main) - Sent drone coordinates to Communication Client
[2026-01-03 20:52:51] [PID:29280] [INFO] [BlackBoard] BlackBoard.c:422 (main) - Received drone coordinates
[2026-01-03 20:52:51] [PID:29280] [INFO] [BlackBoard] BlackBoard.c:435 (main) - Sent drone coordinates to Communication Client
[2026-01-03 20:52:51] [PID:29280] [INFO] [BlackBoard] BlackBoard.c:422 (main) - Received drone coordinates
[2026-01-03 20:52:51] [PID:29280] [INFO] [BlackBoard] BlackBoard.c:435 (main) - Sent drone coordinates to Communication Client
[2026-01-03 20:52:51] [PID:29280] [INFO] [BlackBoard] BlackBoard.c:422 (main) - Received drone coordinates
[2026-01-03 20:52:51] [PID:29280] [INFO] [BlackBoard] BlackBoard.c:435 (main) - Sent drone coordinates to Communication Client
[2026-01-03 20:52:51] [PID:29280] [INFO] [BlackBoard] BlackBoard.c:422 (main) - Received drone coordinates
[2026-01-03 20:52:51] [PID:29280] [INFO] [BlackBoard] BlackBoard.c:435 (main) - Sent drone coordinates to Communication Client
[2026-01-03 20:52:51] [PID:29280] [INFO] [BlackBoard] BlackBoard.c:422 (main) - Received drone coordinates
[2026-01-03 20:52:51] [PID:29280] [INFO] [BlackBoard] BlackBoard.c:435 (main) - Sent drone coordinates to Communication Client
[2026-01-03 20:52:51] [PID:29280] [INFO] [BlackBoard] BlackBoard.c:422 (main) - Received drone coordinates
[2026-01-03 20:52:51] [PID:29280] [INFO] [BlackBoard] BlackBoard.c:435 (main) - Sent drone coordinates to Communication Client
[2026-01-03 20:52:51] [PID:29280] [INFO] [BlackBoard] BlackBoard.c:422 (main) - Received drone coordinates
[2026-01-03 20:52:51] [PID:29280] [INFO] [BlackBoard] BlackBoard.c:435 (main) - Sent drone coordinates to Communication Client
[2026-01-03 20:52:51] [PID:29280] [INFO] [BlackBoard] BlackBoard.c:422 (main) - Received drone coordinates
[2026-01-03 20:52:51] [PID:29280] [INFO] [BlackBoard] BlackBoard.c:435 (main) - Sent drone coordinates to Communication Client
[2026-01-03 20:52:51] [PID:29280] [INFO] [BlackBoard] BlackBoard.c:422 (main) - Received drone coordinates
[2026-01-03 20:52:51] [PID:29280] [INFO] [BlackBoard] BlackBoard.c:435 (main) - Sent drone coordinates to Communication Client
[2026-01-03 20:52:51] [PID:29280] [INFO] [BlackBoard] BlackBoard.c:422 (main) - Received drone coordinates
[2026-01-03 20:52:51] [PID:29280] [INFO] [BlackBoard] BlackBoard.c:435 (main) - Sent drone coordinates to Communication Client
[2026-01-03 20:52:51] [PID:29280] [INFO] [BlackBoard] BlackBoard.c:422 (main) - Received drone coordinates
[2026-01-03 20:52:51] [PID:29280] [INFO] [BlackBoard] BlackBoard.c:435 (main) - Sent drone coordinates to Communication Client
[2026-01-03 20:52:52] [PID:29280] [INFO] [BlackBoard] BlackBoard.c:422 (main) - Received drone coordinates
[2026-01-03 20:52:52] [PID:29280] [INFO] [BlackBoard] BlackBoard.c:435 (main) - Sent drone coordinates to Communication Client
[2026-01-03 20:52:52] [PID:29280] [INFO] [BlackBoard] BlackBoard.c:422 (main) - Received drone coordinates
[2026-01-03 20:52:52] [PID:29280] [INFO] [BlackBoard] BlackBoard.c:435 (main) - Sent drone coordinates to Communication Client
[2026-01-03 20:52:52] [PID:29280] [INFO] [BlackBoard] BlackBoard.c:422 (main) - Received drone coordinates
[2026-01-03 20:52:52] [PID:29280] [INFO] [BlackBoard] BlackBoard.c:435 (main) - Sent drone coordinates to Communication Client
[2026-01-03 20:52:52] [PID:29280] [INFO] [BlackBoard] BlackBoard.c:422 (main) - Received drone coordinates
[2026-01-03 20:52:52] [PID:29280] [INFO] [BlackBoard] BlackBoard.c:435 (main) - Sent drone coordinates to Communication Client
[2026-01-03 20:52:52] [PID:29280] [INFO] [BlackBoard] BlackBoard.c:422 (main) - Received drone coordinates
[2026-01-03 20:52:52] [PID:29280] [INFO] [BlackBoard] BlackBoard.c:435 (main) - Sent drone coordinates to Communication Client
[2026-01-03 20:52:52] [PID:29280] [INFO] [BlackBoard] BlackBoard.c:422 (main) - Received drone coordinates
[2026-01-03 20:52:52] [PID:29280] [INFO] [BlackBoard] BlackBoard.c:435 (main) - Sent drone coordinates to Communication Client
[2026-01-03 20:52:52] [PID:29280] [INFO] [BlackBoard] BlackBoard.c:422 (main) - Received drone coordinates
[2026-01-03 20:52:52] [PID:29280] [INFO] [BlackBoard] BlackBoard.c:435 (main) - Sent drone coordinates to Communication Client
[2026-01-03 20:52:52] [PID:29280] [INFO] [BlackBoard] BlackBoard.c:422 (main) - Received drone coordinates
[2026-01-03 20:52:52] [PID:29280] [INFO] [BlackBoard] BlackBoard.c:435 (main) - Sent drone coordinates to Communication Client
[2026-01-03 20:52:52] [PID:29280] [INFO] [BlackBoard] BlackBoard.c:422 (main) - Received drone coordinates
[2026-01-03 20:52:52] [PID:29280] [INFO] [BlackBoard] BlackBoard.c:435 (main) - Sent drone coordinates to Communication Client
[2026-01-03 20:52:52] [PID:29280] [INFO] [BlackBoard] BlackBoard.c:422 (main) - Received drone coordinates
[2026-01-03 20:52:52] [PID:29280] [INFO] [BlackBoard] BlackBoard.c:435 (main) - Sent drone coordinates to Communication Client
[2026-01-03 20:52:52] [PID:29280] [INFO] [BlackBoard] BlackBoard.c:422 (main) - Received drone coordinates
[2026-01-03 20:52:52] [PID:29280] [INFO] [BlackBoard] BlackBoard.c:435 (main) - Sent drone coordinates to Communication Client
[2026-01-03 20:52:52] [PID:29280] [INFO] [BlackBoard] BlackBoard.c:422 (main) - Received drone coordinates
[2026-01-03 20:52:52] [PID:29280] [INFO] [BlackBoard] BlackBoard.c:435 (main) - Sent drone coordinates to Communication Client
[2026-01-03 20:52:52] [PID:29280] [INFO] [BlackBoard] BlackBoard.c:422 (main) - Received drone coordinates
[2026-01-03 20:52:52] [PID:29280] [INFO] [BlackBoard] BlackBoard.c:435 (main) - Sent drone coordinates to Communication Client
[2026-01-03 20:52:52] [PID:29280] [INFO] [BlackBoard] BlackBoard.c:422 (main) - Received drone coordinates
[2026-01-03 20:52:52] [PID:29280] [INFO] [BlackBoard] BlackBoard.c:435 (main) - Sent drone coordinates to Communication Client
[2026-01-03 20:52:52] [PID:29280] [INFO] [BlackBoard] BlackBoard.c:422 (main) - Received drone coordinates
[2026-01-03 20:52:52] [PID:29280] [INFO] [BlackBoard] BlackBoard.c:435 (main) - Sent drone coordinates to Communication Client
[2026-01-03 20:52:52] [PID:29280] [INFO] [BlackBoard] BlackBoard.c:422 (main) - Received drone coordinates
[2026-01-03 20:52:52] [PID:29280] [INFO] [BlackBoard] BlackBoard.c:435 (main) - Sent drone coordinates to Communication Client
[2026-01-03 20:52:52] [PID:29252] [INFO] [Drone] process_Drone.c:277 (main) - Received key input: q
[2026-01-03 20:52:52] [PID:29278] [INFO] [Input] process_In.c:132 (main) - Exiting Input Process from q command.
[2026-01-03 20:52:52] [PID:29280] [INFO] [BlackBoard] BlackBoard.c:393 (main) - Received input command: q
[2026-01-03 20:52:52] [PID:29254] [ERROR] [CommClient] Communication_Client.c:150 (main) - Protocol error: expected 'ServerConnected', got 'Pµ¤yý'
[2026-01-03 20:52:52] [PID:29280] [INFO] [BlackBoard] BlackBoard.c:422 (main) - Received drone coordinates
[2026-01-03 20:52:52] [PID:29280] [INFO] [BlackBoard] BlackBoard.c:435 (main) - Sent drone coordinates to Communication Client
[2026-01-03 20:52:53] [PID:29280] [INFO] [BlackBoard] BlackBoard.c:298 (main) - Termination signal received. Exiting main loop.

