[Wed Dec 31 12:19:49 2025] --- Health Check Cycle #1 ---
[Wed Dec 31 12:19:49 2025] Checking 'Obstacles' (PID=1568)...
[Wed Dec 31 12:19:49 2025] ✓ 'Obstacles' (PID=1568) is ALIVE
[Wed Dec 31 12:19:49 2025] Checking 'Drone' (PID=1567)...
[Wed Dec 31 12:19:49 2025] ✓ 'Drone' (PID=1567) is ALIVE
[Wed Dec 31 12:19:49 2025] Checking 'Targets' (PID=1569)...
[Wed Dec 31 12:19:49 2025] ✓ 'Targets' (PID=1569) is ALIVE
[Wed Dec 31 12:19:49 2025] Checking 'Input' (PID=1586)...
[Wed Dec 31 12:19:49 2025] ✓ 'Input' (PID=1586) is ALIVE
[Wed Dec 31 12:19:49 2025] Checking 'BlackBoard' (PID=1585)...
[Wed Dec 31 12:19:49 2025] ✓ 'BlackBoard' (PID=1585) is ALIVE
[Wed Dec 31 12:19:58 2025] --- Health Check Cycle #2 ---
[Wed Dec 31 12:19:58 2025] Checking 'Obstacles' (PID=1568)...
[Wed Dec 31 12:19:58 2025] ✓ 'Obstacles' (PID=1568) is ALIVE
[Wed Dec 31 12:19:58 2025] Checking 'Drone' (PID=1567)...
[Wed Dec 31 12:19:58 2025] ✓ 'Drone' (PID=1567) is ALIVE
[Wed Dec 31 12:19:58 2025] Checking 'Targets' (PID=1569)...
[Wed Dec 31 12:19:58 2025] ✓ 'Targets' (PID=1569) is ALIVE
[Wed Dec 31 12:19:58 2025] Checking 'Input' (PID=1586)...
[Wed Dec 31 12:19:58 2025] ✓ 'Input' (PID=1586) is ALIVE
[Wed Dec 31 12:19:58 2025] Checking 'BlackBoard' (PID=1585)...
[Wed Dec 31 12:19:58 2025] ✓ 'BlackBoard' (PID=1585) is ALIVE
[Wed Dec 31 12:20:08 2025] --- Health Check Cycle #3 ---
[Wed Dec 31 12:20:08 2025] Checking 'Obstacles' (PID=1568)...
[Wed Dec 31 12:20:08 2025] ✓ 'Obstacles' (PID=1568) is ALIVE
[Wed Dec 31 12:20:08 2025] Checking 'Drone' (PID=1567)...
[Wed Dec 31 12:20:08 2025] ✓ 'Drone' (PID=1567) is ALIVE
[Wed Dec 31 12:20:08 2025] Checking 'Targets' (PID=1569)...
[Wed Dec 31 12:20:08 2025] ✓ 'Targets' (PID=1569) is ALIVE
[Wed Dec 31 12:20:08 2025] Checking 'Input' (PID=1586)...
[Wed Dec 31 12:20:08 2025] ✓ 'Input' (PID=1586) is ALIVE
[Wed Dec 31 12:20:08 2025] Checking 'BlackBoard' (PID=1585)...
[Wed Dec 31 12:20:08 2025] ✓ 'BlackBoard' (PID=1585) is ALIVE
[Wed Dec 31 12:20:10 2025] All Processes terminated by Master Process
[Wed Dec 31 12:20:10 2025] --- Health Check Cycle #4 ---
[Wed Dec 31 12:20:10 2025] Checking 'Obstacles' (PID=1568)...
